<?xml version="1.0" encoding="UTF-8"?>
<testng-results ignored="0" total="1" passed="1" failed="0" skipped="0">
  <reporter-output>
  </reporter-output>
  <suite started-at="2024-08-01T19:34:00 IST" name="Default suite" finished-at="2024-08-01T19:34:05 IST" duration-ms="4793">
    <groups>
    </groups>
    <test started-at="2024-08-01T19:34:00 IST" name="Default test" finished-at="2024-08-01T19:34:05 IST" duration-ms="4793">
      <class name="day3.LoginTest">
        <test-method is-config="true" signature="setUp()[pri:0, instance:day3.LoginTest@4d1bf319]" started-at="2024-08-01T19:34:00 IST" name="setUp" finished-at="2024-08-01T19:34:03 IST" duration-ms="2875" status="PASS">
          <reporter-output>
          </reporter-output>
        </test-method> <!-- setUp -->
        <test-method signature="testLogin()[pri:0, instance:day3.LoginTest@4d1bf319]" started-at="2024-08-01T19:34:03 IST" name="testLogin" finished-at="2024-08-01T19:34:04 IST" duration-ms="422" status="PASS">
          <reporter-output>
          </reporter-output>
        </test-method> <!-- testLogin -->
        <test-method is-config="true" signature="tearDown()[pri:0, instance:day3.LoginTest@4d1bf319]" started-at="2024-08-01T19:34:04 IST" name="tearDown" finished-at="2024-08-01T19:34:05 IST" duration-ms="1422" status="PASS">
          <reporter-output>
          </reporter-output>
        </test-method> <!-- tearDown -->
      </class> <!-- day3.LoginTest -->
    </test> <!-- Default test -->
  </suite> <!-- Default suite -->
</testng-results>
